-------------------------------------------------------------------------------
Test set: com.qa.tests.DemoTest
-------------------------------------------------------------------------------
Tests run: 4, Failures: 1, Errors: 0, Skipped: 0, Time elapsed: 0.347 sec <<< FAILURE!
div(com.qa.tests.DemoTest)  Time elapsed: 0.009 sec  <<< FAILURE!
java.lang.AssertionError: expected [0] but found [2]
	at org.testng.Assert.fail(Assert.java:97)
	at org.testng.Assert.assertEqualsImpl(Assert.java:136)
	at org.testng.Assert.assertEquals(Assert.java:118)
	at org.testng.Assert.assertEquals(Assert.java:839)
	at org.testng.Assert.assertEquals(Assert.java:849)
	at com.qa.tests.DemoTest.div(DemoTest.java:32)

